<?xml version="1.0" encoding="UTF-8"?>
<!-- Generated by org.testng.reporters.JUnitReportReporter -->
<testsuite skipped="0" hostname="DESKTOP-DT4EAKM" name="co.edu.icesi.internetcomputing.workshop.integration_tests.TsscGameServiceTest" tests="6" failures="0" timestamp="2020-03-30T23:57:27 COT" time="0.249" errors="1">
  <testcase name="testAdd2Game1" time="0.063" classname="co.edu.icesi.internetcomputing.workshop.integration_tests.TsscGameServiceTest">
    <error type="org.hibernate.LazyInitializationException" message="failed to lazily initialize a collection of role: co.edu.icesi.internetcomputing.workshop.model.TsscTopic.tsscStories, could not initialize proxy - no Session">
      <![CDATA[org.hibernate.LazyInitializationException: failed to lazily initialize a collection of role: co.edu.icesi.internetcomputing.workshop.model.TsscTopic.tsscStories, could not initialize proxy - no Session
at org.hibernate.collection.internal.AbstractPersistentCollection.throwLazyInitializationException(AbstractPersistentCollection.java:606)
at org.hibernate.collection.internal.AbstractPersistentCollection.withTemporarySessionIfNeeded(AbstractPersistentCollection.java:218)
at org.hibernate.collection.internal.AbstractPersistentCollection.initialize(AbstractPersistentCollection.java:585)
at org.hibernate.collection.internal.AbstractPersistentCollection.read(AbstractPersistentCollection.java:149)
at org.hibernate.collection.internal.PersistentBag.iterator(PersistentBag.java:387)
at co.edu.icesi.internetcomputing.workshop.services.TsscGameServiceImp.save2(TsscGameServiceImp.java:65)
at co.edu.icesi.internetcomputing.workshop.integration_tests.TsscGameServiceTest.testAdd2Game1(TsscGameServiceTest.java:170)
at sun.reflect.NativeMethodAccessorImpl.invoke0(Native Method)
at sun.reflect.NativeMethodAccessorImpl.invoke(Unknown Source)
at sun.reflect.DelegatingMethodAccessorImpl.invoke(Unknown Source)
at java.lang.reflect.Method.invoke(Unknown Source)
at org.testng.internal.MethodInvocationHelper.invokeMethod(MethodInvocationHelper.java:134)
at org.testng.internal.MethodInvocationHelper$1.runTestMethod(MethodInvocationHelper.java:240)
at org.springframework.test.context.testng.AbstractTestNGSpringContextTests.run(AbstractTestNGSpringContextTests.java:181)
at org.testng.internal.MethodInvocationHelper.invokeHookable(MethodInvocationHelper.java:252)
at org.testng.internal.TestInvoker.invokeMethod(TestInvoker.java:593)
at org.testng.internal.TestInvoker.invokeTestMethod(TestInvoker.java:173)
at org.testng.internal.MethodRunner.runInSequence(MethodRunner.java:46)
at org.testng.internal.TestInvoker$MethodInvocationAgent.invoke(TestInvoker.java:816)
at org.testng.internal.TestInvoker.invokeTestMethods(TestInvoker.java:146)
at org.testng.internal.TestMethodWorker.invokeTestMethods(TestMethodWorker.java:146)
at org.testng.internal.TestMethodWorker.run(TestMethodWorker.java:128)
at java.util.ArrayList.forEach(Unknown Source)
at org.testng.TestRunner.privateRun(TestRunner.java:766)
at org.testng.TestRunner.run(TestRunner.java:587)
at org.testng.SuiteRunner.runTest(SuiteRunner.java:384)
at org.testng.SuiteRunner.runSequentially(SuiteRunner.java:378)
at org.testng.SuiteRunner.privateRun(SuiteRunner.java:337)
at org.testng.SuiteRunner.run(SuiteRunner.java:286)
at org.testng.SuiteRunnerWorker.runSuite(SuiteRunnerWorker.java:53)
at org.testng.SuiteRunnerWorker.run(SuiteRunnerWorker.java:96)
at org.testng.TestNG.runSuitesSequentially(TestNG.java:1187)
at org.testng.TestNG.runSuitesLocally(TestNG.java:1109)
at org.testng.TestNG.runSuites(TestNG.java:1039)
at org.testng.TestNG.run(TestNG.java:1007)
at org.testng.remote.AbstractRemoteTestNG.run(AbstractRemoteTestNG.java:115)
at org.testng.remote.RemoteTestNG.initAndRun(RemoteTestNG.java:251)
at org.testng.remote.RemoteTestNG.main(RemoteTestNG.java:77)
]]>
    </error>
  </testcase> <!-- testAdd2Game1 -->
  <system-out/>
  <testcase name="testAddTopicNull" time="0.018" classname="co.edu.icesi.internetcomputing.workshop.integration_tests.TsscGameServiceTest"/>
  <system-out/>
  <testcase name="testAddGame4" time="0.032" classname="co.edu.icesi.internetcomputing.workshop.integration_tests.TsscGameServiceTest"/>
  <system-out/>
  <testcase name="testAddGame1" time="0.117" classname="co.edu.icesi.internetcomputing.workshop.integration_tests.TsscGameServiceTest"/>
  <system-out/>
  <testcase name="testAddGame2" time="0.012" classname="co.edu.icesi.internetcomputing.workshop.integration_tests.TsscGameServiceTest"/>
  <system-out/>
  <testcase name="testAddGame3" time="0.007" classname="co.edu.icesi.internetcomputing.workshop.integration_tests.TsscGameServiceTest"/>
  <system-out/>
</testsuite> <!-- co.edu.icesi.internetcomputing.workshop.integration_tests.TsscGameServiceTest -->
